<?xml version="1.0" encoding="UTF-8"?>
<testng-results ignored="0" total="1" passed="1" failed="0" skipped="0">
  <reporter-output>
  </reporter-output>
  <suite started-at="2023-06-06T17:23:15 IST" name="Default suite" finished-at="2023-06-06T17:23:18 IST" duration-ms="3029">
    <groups>
    </groups>
    <test started-at="2023-06-06T17:23:15 IST" name="Default test" finished-at="2023-06-06T17:23:18 IST" duration-ms="3029">
      <class name="demo.StaticJsonFromExternal">
        <test-method signature="JsonFromLocal()[pri:0, instance:demo.StaticJsonFromExternal@4ac3c60d]" started-at="2023-06-06T17:23:15 IST" name="JsonFromLocal" finished-at="2023-06-06T17:23:18 IST" duration-ms="2972" status="PASS">
          <reporter-output>
          </reporter-output>
        </test-method> <!-- JsonFromLocal -->
      </class> <!-- demo.StaticJsonFromExternal -->
    </test> <!-- Default test -->
  </suite> <!-- Default suite -->
</testng-results>
