<?xml version="1.0" encoding="UTF-8"?>
<!-- Generated by org.testng.reporters.JUnitXMLReporter -->
<testsuite ignored="3" hostname="HARI" failures="0" tests="3" name="regression" time="0.042" errors="0" timestamp="2023-05-29T19:47:01 IST">
  <testcase classname="TestNG.sample" name="firstmethod" time="0.007"/>
  <testcase classname="TestNG.sample2" name="thirdmethod" time="0.003"/>
  <testcase classname="TestNG.sample3" name="fifthmethod" time="0.001"/>
  <testcase classname="TestNG.sample2" name="fourthmethod" time="0.0">
    <ignored/>
  </testcase> <!-- fourthmethod -->
  <testcase classname="TestNG.sample3" name="sixthmethod" time="0.0">
    <ignored/>
  </testcase> <!-- sixthmethod -->
  <testcase classname="TestNG.sample" name="secondmethod" time="0.0">
    <ignored/>
  </testcase> <!-- secondmethod -->
</testsuite> <!-- regression -->
