<?xml version="1.0" encoding="UTF-8"?>
<!-- Generated by org.testng.reporters.JUnitXMLReporter -->
<testsuite ignored="0" hostname="HARI" failures="0" tests="8" name="total" time="0.094" errors="0" timestamp="2023-05-29T20:39:09 IST">
  <testcase classname="TestNG.sample" name="firstmethod" time="0.007"/>
  <testcase classname="TestNG.sample" name="firstmethod" time="0.001"/>
  <testcase classname="TestNG.sample" name="firstmethod" time="0.002"/>
  <testcase classname="TestNG.sample" name="secondmethod" time="0.001"/>
  <testcase classname="TestNG.sample2" name="fourthmethod" time="0.007"/>
  <testcase classname="TestNG.sample2" name="thirdmethod" time="0.001"/>
  <testcase classname="TestNG.sample3" name="fifthmethod" time="0.001"/>
  <testcase classname="TestNG.sample3" name="sixthmethod" time="0.001"/>
</testsuite> <!-- total -->
