<?xml version="1.0" encoding="UTF-8"?>
<!-- Generated by org.testng.reporters.JUnitXMLReporter -->
<testsuite ignored="2" hostname="HARI" failures="0" tests="0" time="0.02" errors="0" timestamp="2023-04-26T11:24:29 IST">
  <testcase classname="FinalFrameworks.shopping.errorValidations" name="ProductErrorValidation" time="0.0">
    <ignored/>
  </testcase> <!-- ProductErrorValidation -->
  <testcase classname="FinalFrameworks.shopping.errorValidations" name="LoginError" time="0.0">
    <ignored/>
  </testcase> <!-- LoginError -->
</testsuite>
