<?xml version="1.0" encoding="UTF-8"?>
<!-- Generated by org.testng.reporters.JUnitXMLReporter -->
<testsuite ignored="1" hostname="HARI" failures="1" tests="1" name="main" time="0.038" errors="0" timestamp="2023-04-27T11:27:58 IST">
  <testcase classname="FinalFrameworks.shopping.StandAlone2" name="submitOrder" time="0.012">
    <failure type="org.testng.internal.reflect.MethodMatcherException" message="
[public void FinalFrameworks.shopping.StandAlone2.submitOrder(java.util.HashMap) throws java.lang.InterruptedException] has no parameters defined but was found to be using a data provider (either explicitly specified or inherited from class level annotation).
Data provider mismatch
Method: submitOrder([java.util.HashMap&amp;lt;java.lang.String, java.lang.String&amp;gt; arg0])
Arguments: [(java.util.HashMap) {password=vijay1220, email=vijay1220@gmail.com, productName=ZARA COAT 3},(java.util.HashMap) {pass=kumar122, email=kumar122@gmial.com, productName=ADIDAS ORIGINAL}]">
      <![CDATA[org.testng.internal.reflect.MethodMatcherException: 
[public void FinalFrameworks.shopping.StandAlone2.submitOrder(java.util.HashMap) throws java.lang.InterruptedException] has no parameters defined but was found to be using a data provider (either explicitly specified or inherited from class level annotation).
Data provider mismatch
Method: submitOrder([java.util.HashMap<java.lang.String, java.lang.String> arg0])
Arguments: [(java.util.HashMap) {password=vijay1220, email=vijay1220@gmail.com, productName=ZARA COAT 3},(java.util.HashMap) {pass=kumar122, email=kumar122@gmial.com, productName=ADIDAS ORIGINAL}]
at java.base/java.util.ArrayList.forEach(ArrayList.java:1511)
at java.base/java.util.concurrent.FutureTask.run(FutureTask.java:264)
at java.base/java.util.concurrent.ThreadPoolExecutor.runWorker(ThreadPoolExecutor.java:1136)
at java.base/java.util.concurrent.ThreadPoolExecutor$Worker.run(ThreadPoolExecutor.java:635)
at java.base/java.lang.Thread.run(Thread.java:833)
... Removed 12 stack frames]]>
    </failure>
  </testcase> <!-- submitOrder -->
  <testcase classname="FinalFrameworks.shopping.StandAlone2" name="OrderHistoryTest" time="0.0">
    <ignored/>
  </testcase> <!-- OrderHistoryTest -->
</testsuite> <!-- main -->
