<?xml version="1.0" encoding="UTF-8"?>
<testng-results ignored="0" total="1" passed="1" failed="0" skipped="0">
  <reporter-output>
  </reporter-output>
  <suite started-at="2023-06-03T14:57:24 IST" name="Suite" finished-at="2023-06-03T14:57:25 IST" duration-ms="1132">
    <groups>
    </groups>
    <test started-at="2023-06-03T14:57:24 IST" name="Test" finished-at="2023-06-03T14:57:25 IST" duration-ms="1132">
      <class name="first.ssOnFail">
        <test-method signature="tes()[pri:0, instance:first.ssOnFail@65f00478]" started-at="2023-06-03T14:57:24 IST" name="tes" finished-at="2023-06-03T14:57:25 IST" duration-ms="1090" status="PASS">
          <reporter-output>
          </reporter-output>
        </test-method> <!-- tes -->
      </class> <!-- first.ssOnFail -->
    </test> <!-- Test -->
  </suite> <!-- Suite -->
</testng-results>
