<?xml version="1.0" encoding="UTF-8"?>
<testng-results ignored="0" total="8" passed="8" failed="0" skipped="0">
  <reporter-output>
  </reporter-output>
  <suite started-at="2023-05-29T20:39:09 IST" name="Suite" finished-at="2023-05-29T20:39:09 IST" duration-ms="94">
    <groups>
      <group name="smoke">
        <method signature="sample3.fifthmethod()[pri:0, instance:TestNG.sample3@6d763516]" name="fifthmethod" class="TestNG.sample3"/>
      </group> <!-- smoke -->
    </groups>
    <test started-at="2023-05-29T20:39:09 IST" name="total" finished-at="2023-05-29T20:39:09 IST" duration-ms="94">
      <class name="TestNG.sample">
        <test-method is-config="true" signature="bfSuite()[pri:0, instance:TestNG.sample@294425a7]" started-at="2023-05-29T20:39:09 IST" name="bfSuite" finished-at="2023-05-29T20:39:09 IST" duration-ms="6" status="PASS">
          <reporter-output>
          </reporter-output>
        </test-method> <!-- bfSuite -->
        <test-method is-config="true" signature="bfTest()[pri:0, instance:TestNG.sample@294425a7]" started-at="2023-05-29T20:39:09 IST" name="bfTest" finished-at="2023-05-29T20:39:09 IST" duration-ms="0" status="PASS">
          <reporter-output>
          </reporter-output>
        </test-method> <!-- bfTest -->
        <test-method is-config="true" signature="bfMethod()[pri:0, instance:TestNG.sample@294425a7]" started-at="2023-05-29T20:39:09 IST" name="bfMethod" finished-at="2023-05-29T20:39:09 IST" duration-ms="1" status="PASS">
          <reporter-output>
          </reporter-output>
        </test-method> <!-- bfMethod -->
        <test-method signature="firstmethod(java.lang.String,java.lang.String)[pri:0, instance:TestNG.sample@294425a7]" started-at="2023-05-29T20:39:09 IST" name="firstmethod" data-provider="getData" finished-at="2023-05-29T20:39:09 IST" duration-ms="7" status="PASS">
          <params>
            <param index="0">
              <value>
                <![CDATA[vijay]]>
              </value>
            </param>
            <param index="1">
              <value>
                <![CDATA[kumar]]>
              </value>
            </param>
          </params>
          <reporter-output>
          </reporter-output>
        </test-method> <!-- firstmethod -->
        <test-method is-config="true" signature="afMethod()[pri:0, instance:TestNG.sample@294425a7]" started-at="2023-05-29T20:39:09 IST" name="afMethod" finished-at="2023-05-29T20:39:09 IST" duration-ms="1" status="PASS">
          <reporter-output>
          </reporter-output>
        </test-method> <!-- afMethod -->
        <test-method signature="firstmethod(java.lang.String,java.lang.String)[pri:0, instance:TestNG.sample@294425a7]" started-at="2023-05-29T20:39:09 IST" name="firstmethod" data-provider="getData" finished-at="2023-05-29T20:39:09 IST" duration-ms="1" status="PASS">
          <params>
            <param index="0">
              <value>
                <![CDATA[rama]]>
              </value>
            </param>
            <param index="1">
              <value>
                <![CDATA[Krishna]]>
              </value>
            </param>
          </params>
          <reporter-output>
          </reporter-output>
        </test-method> <!-- firstmethod -->
        <test-method is-config="true" signature="bfMethod()[pri:0, instance:TestNG.sample@294425a7]" started-at="2023-05-29T20:39:09 IST" name="bfMethod" finished-at="2023-05-29T20:39:09 IST" duration-ms="0" status="PASS">
          <reporter-output>
          </reporter-output>
        </test-method> <!-- bfMethod -->
        <test-method is-config="true" signature="afMethod()[pri:0, instance:TestNG.sample@294425a7]" started-at="2023-05-29T20:39:09 IST" name="afMethod" finished-at="2023-05-29T20:39:09 IST" duration-ms="0" status="PASS">
          <reporter-output>
          </reporter-output>
        </test-method> <!-- afMethod -->
        <test-method is-config="true" signature="bfMethod()[pri:0, instance:TestNG.sample@294425a7]" started-at="2023-05-29T20:39:09 IST" name="bfMethod" finished-at="2023-05-29T20:39:09 IST" duration-ms="0" status="PASS">
          <reporter-output>
          </reporter-output>
        </test-method> <!-- bfMethod -->
        <test-method signature="firstmethod(java.lang.String,java.lang.String)[pri:0, instance:TestNG.sample@294425a7]" started-at="2023-05-29T20:39:09 IST" name="firstmethod" data-provider="getData" finished-at="2023-05-29T20:39:09 IST" duration-ms="2" status="PASS">
          <params>
            <param index="0">
              <value>
                <![CDATA[bokka]]>
              </value>
            </param>
            <param index="1">
              <value>
                <![CDATA[tcs]]>
              </value>
            </param>
          </params>
          <reporter-output>
          </reporter-output>
        </test-method> <!-- firstmethod -->
        <test-method is-config="true" signature="afMethod()[pri:0, instance:TestNG.sample@294425a7]" started-at="2023-05-29T20:39:09 IST" name="afMethod" finished-at="2023-05-29T20:39:09 IST" duration-ms="1" status="PASS">
          <reporter-output>
          </reporter-output>
        </test-method> <!-- afMethod -->
        <test-method signature="secondmethod(java.lang.String)[pri:0, instance:TestNG.sample@294425a7]" started-at="2023-05-29T20:39:09 IST" name="secondmethod" finished-at="2023-05-29T20:39:09 IST" duration-ms="1" status="PASS">
          <params>
            <param index="0">
              <value>
                <![CDATA[https://rahulshettyacademy.com/]]>
              </value>
            </param>
          </params>
          <reporter-output>
          </reporter-output>
        </test-method> <!-- secondmethod -->
        <test-method is-config="true" signature="bfMethod()[pri:0, instance:TestNG.sample@294425a7]" started-at="2023-05-29T20:39:09 IST" name="bfMethod" finished-at="2023-05-29T20:39:09 IST" duration-ms="0" status="PASS">
          <reporter-output>
          </reporter-output>
        </test-method> <!-- bfMethod -->
        <test-method is-config="true" signature="afMethod()[pri:0, instance:TestNG.sample@294425a7]" started-at="2023-05-29T20:39:09 IST" name="afMethod" finished-at="2023-05-29T20:39:09 IST" duration-ms="0" status="PASS">
          <reporter-output>
          </reporter-output>
        </test-method> <!-- afMethod -->
        <test-method is-config="true" signature="afTest()[pri:0, instance:TestNG.sample@294425a7]" started-at="2023-05-29T20:39:09 IST" name="afTest" finished-at="2023-05-29T20:39:09 IST" duration-ms="0" status="PASS">
          <reporter-output>
          </reporter-output>
        </test-method> <!-- afTest -->
        <test-method is-config="true" signature="afSuite()[pri:0, instance:TestNG.sample@294425a7]" started-at="2023-05-29T20:39:10 IST" name="afSuite" finished-at="2023-05-29T20:39:10 IST" duration-ms="2" status="PASS">
          <reporter-output>
          </reporter-output>
        </test-method> <!-- afSuite -->
      </class> <!-- TestNG.sample -->
      <class name="TestNG.sample3">
        <test-method signature="fifthmethod()[pri:0, instance:TestNG.sample3@6d763516]" started-at="2023-05-29T20:39:09 IST" name="fifthmethod" finished-at="2023-05-29T20:39:09 IST" duration-ms="1" status="PASS">
          <reporter-output>
          </reporter-output>
        </test-method> <!-- fifthmethod -->
        <test-method signature="sixthmethod()[pri:0, instance:TestNG.sample3@6d763516]" started-at="2023-05-29T20:39:09 IST" name="sixthmethod" finished-at="2023-05-29T20:39:09 IST" duration-ms="1" status="PASS">
          <reporter-output>
          </reporter-output>
        </test-method> <!-- sixthmethod -->
      </class> <!-- TestNG.sample3 -->
      <class name="TestNG.sample2">
        <test-method signature="fourthmethod()[pri:0, instance:TestNG.sample2@2a798d51]" started-at="2023-05-29T20:39:09 IST" name="fourthmethod" finished-at="2023-05-29T20:39:09 IST" duration-ms="7" status="PASS">
          <reporter-output>
          </reporter-output>
        </test-method> <!-- fourthmethod -->
        <test-method is-config="true" signature="bfMethod()[pri:0, instance:TestNG.sample2@2a798d51]" started-at="2023-05-29T20:39:09 IST" name="bfMethod" finished-at="2023-05-29T20:39:09 IST" duration-ms="0" status="PASS">
          <reporter-output>
          </reporter-output>
        </test-method> <!-- bfMethod -->
        <test-method is-config="true" signature="afMethod()[pri:0, instance:TestNG.sample2@2a798d51]" started-at="2023-05-29T20:39:09 IST" name="afMethod" finished-at="2023-05-29T20:39:09 IST" duration-ms="1" status="PASS">
          <reporter-output>
          </reporter-output>
        </test-method> <!-- afMethod -->
        <test-method is-config="true" signature="bfMethod()[pri:0, instance:TestNG.sample2@2a798d51]" started-at="2023-05-29T20:39:09 IST" name="bfMethod" finished-at="2023-05-29T20:39:09 IST" duration-ms="0" status="PASS">
          <reporter-output>
          </reporter-output>
        </test-method> <!-- bfMethod -->
        <test-method signature="thirdmethod()[pri:0, instance:TestNG.sample2@2a798d51]" started-at="2023-05-29T20:39:09 IST" name="thirdmethod" finished-at="2023-05-29T20:39:09 IST" depends-on-methods="TestNG.sample2.fourthmethod" duration-ms="1" status="PASS">
          <reporter-output>
          </reporter-output>
        </test-method> <!-- thirdmethod -->
        <test-method is-config="true" signature="afMethod()[pri:0, instance:TestNG.sample2@2a798d51]" started-at="2023-05-29T20:39:09 IST" name="afMethod" finished-at="2023-05-29T20:39:09 IST" duration-ms="1" status="PASS">
          <reporter-output>
          </reporter-output>
        </test-method> <!-- afMethod -->
      </class> <!-- TestNG.sample2 -->
    </test> <!-- total -->
  </suite> <!-- Suite -->
</testng-results>
