<?xml version="1.0" encoding="UTF-8"?>
<!-- Generated by org.testng.reporters.JUnitXMLReporter -->
<testsuite ignored="2" hostname="HARI" failures="0" tests="2" name="Default test" time="0.349" errors="0" timestamp="2023-06-10T10:03:55 IST">
  <testcase classname="vij.hashmap" name="jsdata" time="0.006"/>
  <testcase classname="vij.hashmap" name="jsdata" time="0.001"/>
  <testcase classname="vij.hashmap" name="getdata" time="0.0">
    <ignored/>
  </testcase> <!-- getdata -->
  <testcase classname="vij.hashmap" name="hashex" time="0.0">
    <ignored/>
  </testcase> <!-- hashex -->
</testsuite> <!-- Default test -->
