<?xml version="1.0" encoding="UTF-8"?>
<testng-results ignored="2" total="4" passed="2" failed="0" skipped="0">
  <reporter-output>
  </reporter-output>
  <suite started-at="2023-06-10T10:03:55 IST" name="Default suite" finished-at="2023-06-10T10:03:55 IST" duration-ms="349">
    <groups>
    </groups>
    <test started-at="2023-06-10T10:03:55 IST" name="Default test" finished-at="2023-06-10T10:03:55 IST" duration-ms="349">
      <class name="vij.hashmap">
        <test-method signature="jsdata(java.util.HashMap)[pri:0, instance:vij.hashmap@393671df]" started-at="2023-06-10T10:03:55 IST" name="jsdata" data-provider="jsondata" finished-at="2023-06-10T10:03:55 IST" duration-ms="6" status="PASS">
          <params>
            <param index="0">
              <value>
                <![CDATA[{prod=cc, pass=bb, email=aa}]]>
              </value>
            </param>
          </params>
          <reporter-output>
          </reporter-output>
        </test-method> <!-- jsdata -->
        <test-method signature="jsdata(java.util.HashMap)[pri:0, instance:vij.hashmap@393671df]" started-at="2023-06-10T10:03:55 IST" name="jsdata" data-provider="jsondata" finished-at="2023-06-10T10:03:55 IST" duration-ms="1" status="PASS">
          <params>
            <param index="0">
              <value>
                <![CDATA[{prod=2cc, pass=2bb, email=2aa}]]>
              </value>
            </param>
          </params>
          <reporter-output>
          </reporter-output>
        </test-method> <!-- jsdata -->
      </class> <!-- vij.hashmap -->
    </test> <!-- Default test -->
  </suite> <!-- Default suite -->
</testng-results>
