<?xml version="1.0" encoding="UTF-8"?>
<testng-results ignored="0" total="2" passed="2" failed="0" skipped="0">
  <reporter-output>
  </reporter-output>
  <suite started-at="2023-04-27T14:25:51 IST" name="Default suite" finished-at="2023-04-27T14:25:54 IST" duration-ms="3124">
    <groups>
    </groups>
    <test started-at="2023-04-27T14:25:51 IST" name="Default test" finished-at="2023-04-27T14:25:54 IST" duration-ms="3124">
      <class name="vij.testng">
        <test-method signature="method()[pri:1, instance:vij.testng@2228db21]" started-at="2023-04-27T14:25:51 IST" name="method" finished-at="2023-04-27T14:25:51 IST" duration-ms="5" status="PASS">
          <reporter-output>
          </reporter-output>
        </test-method> <!-- method -->
        <test-method signature="loginpage()[pri:2, instance:vij.testng@2228db21]" started-at="2023-04-27T14:25:51 IST" name="loginpage" finished-at="2023-04-27T14:25:54 IST" duration-ms="3084" status="PASS">
          <reporter-output>
          </reporter-output>
        </test-method> <!-- loginpage -->
      </class> <!-- vij.testng -->
    </test> <!-- Default test -->
  </suite> <!-- Default suite -->
</testng-results>
